Flutter crash report.
Please report a bug at https://github.com/flutter/flutter/issues.

## command

flutter --quiet assemble --no-version-check --depfile C:\Users\baoch\Downloads\musicflutter\build\app\intermediates\flutter\debug/flutter_build.d --output C:\Users\baoch\Downloads\musicflutter\build\app\intermediates\flutter\debug -dTargetFile=C:\Users\baoch\Downloads\musicflutter\lib\main.dart -dTargetPlatform=android -dBuildMode=debug -dTrackWidgetCreation=true --DartDefines=Zmx1dHRlci5pbnNwZWN0b3Iuc3RydWN0dXJlZEVycm9ycz10cnVl,RkxVVFRFUl9XRUJfQ0FOVkFTS0lUX1VSTD1odHRwczovL3d3dy5nc3RhdGljLmNvbS9mbHV0dGVyLWNhbnZhc2tpdC9lZGQ4NTQ2MTE2NDU3YmRmMWM1YmRmYjEzZWNiOTQ2M2QyYmI1ZWQ0Lw== -dFlavor= -dAndroidArchs=android-x86 -dMinSdkVersion=21 debug_android_application

## exception

ArgumentError: Invalid argument(s): Uri c:/Users/baoch/Downloads/musicflutter/lib/assets/fonts/JetBrainsMono-VariableFont_wght.ttf must have scheme 'file:'.

```
#0      WindowsStyle.pathFromUri (package:path/src/style/windows.dart:86:7)
#1      Context.fromUri (package:path/src/context.dart:1040:40)
#2      ManifestAssetBundle._resolveAsset (package:flutter_tools/src/asset.dart:1164:47)
#3      ManifestAssetBundle._parseAssets (package:flutter_tools/src/asset.dart:957:34)
#4      ManifestAssetBundle.build (package:flutter_tools/src/asset.dart:308:54)
<asynchronous suspension>
#5      copyAssets (package:flutter_tools/src/build_system/targets/assets.dart:60:26)
<asynchronous suspension>
#6      AndroidAssetBundle.build (package:flutter_tools/src/build_system/targets/android.dart:65:34)
<asynchronous suspension>
#7      _BuildInstance._invokeInternal (package:flutter_tools/src/build_system/build_system.dart:875:9)
<asynchronous suspension>
#8      FlutterBuildSystem.build (package:flutter_tools/src/build_system/build_system.dart:642:16)
<asynchronous suspension>
#9      AssembleCommand.runCommand (package:flutter_tools/src/commands/assemble.dart:322:32)
<asynchronous suspension>
#10     FlutterCommand.run.<anonymous closure> (package:flutter_tools/src/runner/flutter_command.dart:1394:27)
<asynchronous suspension>
#11     AppContext.run.<anonymous closure> (package:flutter_tools/src/base/context.dart:153:19)
<asynchronous suspension>
#12     CommandRunner.runCommand (package:args/command_runner.dart:212:13)
<asynchronous suspension>
#13     FlutterCommandRunner.runCommand.<anonymous closure> (package:flutter_tools/src/runner/flutter_command_runner.dart:372:9)
<asynchronous suspension>
#14     AppContext.run.<anonymous closure> (package:flutter_tools/src/base/context.dart:153:19)
<asynchronous suspension>
#15     FlutterCommandRunner.runCommand (package:flutter_tools/src/runner/flutter_command_runner.dart:308:5)
<asynchronous suspension>
#16     run.<anonymous closure>.<anonymous closure> (package:flutter_tools/runner.dart:130:9)
<asynchronous suspension>
#17     AppContext.run.<anonymous closure> (package:flutter_tools/src/base/context.dart:153:19)
<asynchronous suspension>
#18     main (package:flutter_tools/executable.dart:93:3)
<asynchronous suspension>
```

## flutter doctor

```
[!] Flutter (Channel stable, 3.22.2, on Microsoft Windows [Version 10.0.22621.3593], locale en-US)
    • Flutter version 3.22.2 on channel stable at C:\Users\baoch\Downloads\Compressed\flutter_windows_3.22.2-stable\flutter
    ! Warning: `flutter` on your path resolves to C:\flutter\bin\flutter, which is not inside your current Flutter SDK checkout at C:\Users\baoch\Downloads\Compressed\flutter_windows_3.22.2-stable\flutter. Consider adding C:\Users\baoch\Downloads\Compressed\flutter_windows_3.22.2-stable\flutter\bin to the front of your path.
    ! Warning: `dart` on your path resolves to C:\flutter\bin\dart, which is not inside your current Flutter SDK checkout at C:\Users\baoch\Downloads\Compressed\flutter_windows_3.22.2-stable\flutter. Consider adding C:\Users\baoch\Downloads\Compressed\flutter_windows_3.22.2-stable\flutter\bin to the front of your path.
    • Upstream repository https://github.com/flutter/flutter.git
    • Framework revision 761747bfc5 (9 weeks ago), 2024-06-05 22:15:13 +0200
    • Engine revision edd8546116
    • Dart version 3.4.3
    • DevTools version 2.34.3
    • If those were intentional, you can disregard the above warnings; however it is recommended to use "git" directly to perform update checks and upgrades.

[✓] Windows Version (Installed version of Windows is version 10 or higher)

[✓] Android toolchain - develop for Android devices (Android SDK version 35.0.0)
    • Android SDK at C:\Users\baoch\AppData\Local\Android\sdk
    • Platform android-35, build-tools 35.0.0
    • Java binary at: C:\Program Files\Android\Android Studio\jbr\bin\java
    • Java version OpenJDK Runtime Environment (build 17.0.10+0--11609105)
    • All Android licenses accepted.

[✓] Chrome - develop for the web
    • Chrome at C:\Program Files\Google\Chrome\Application\chrome.exe

[✓] Visual Studio - develop Windows apps (Visual Studio Community 2022 17.10.5)
    • Visual Studio at C:\Program Files\Microsoft Visual Studio\2022\Community
    • Visual Studio Community 2022 version 17.10.35122.118
    • Windows 10 SDK version 10.0.22621.0

[✓] Android Studio (version 2024.1)
    • Android Studio at C:\Program Files\Android\Android Studio
    • Flutter plugin can be installed from:
      🔨 https://plugins.jetbrains.com/plugin/9212-flutter
    • Dart plugin can be installed from:
      🔨 https://plugins.jetbrains.com/plugin/6351-dart
    • Java version OpenJDK Runtime Environment (build 17.0.10+0--11609105)

[✓] IntelliJ IDEA Community Edition (version 2024.1)
    • IntelliJ at C:\Program Files\JetBrains\IntelliJ IDEA Community Edition 2024.1.1
    • Flutter plugin version 80.0.2
    • Dart plugin version 241.17502

[✓] VS Code (version 1.92.0)
    • VS Code at C:\Users\baoch\AppData\Local\Programs\Microsoft VS Code
    • Flutter extension can be installed from:
      🔨 https://marketplace.visualstudio.com/items?itemName=Dart-Code.flutter

[✓] Connected device (4 available)
    • Galaxy S3 (mobile) • 192.168.58.102:5555 • android-x86    • Android 7.1.1 (API 25)
    • Windows (desktop)  • windows             • windows-x64    • Microsoft Windows [Version 10.0.22621.3593]
    • Chrome (web)       • chrome              • web-javascript • Google Chrome 127.0.6533.99
    • Edge (web)         • edge                • web-javascript • Microsoft Edge 127.0.2651.74

[✓] Network resources
    • All expected network resources are available.

! Doctor found issues in 1 category.
```
